[0m[7m[1m[31m FAIL [39m[22m[27m[0m [2msrc/server/services/__tests__/[22m[1mcannmenus.test.ts[22m
  [1mâ— [22mTest suite failed to run

    [31m[1mConfiguration error[22m:[39m
    [31m[39m
    [31mCould not locate module [1m@/lib/utils/retry[22m mapped as:[39m
    [31m[1mC:\Users\marte\Baked for Brands\bakedbot-for-brands\src\$1[22m.[39m
    [31m[39m
    [31mPlease check your configuration for these entries:[39m
    [31m{[39m
    [31m  "moduleNameMapper": {[39m
    [31m    "/^@\/(.*)$/": "[1mC:\Users\marte\Baked for Brands\bakedbot-for-brands\src\$1[22m"[39m
    [31m  },[39m
    [31m  "resolver": [1mundefined[22m[39m
    [31m}[39m

    [0m [90m  6 |[39m     createServerClient[33m:[39m jest[33m.[39mfn()
     [90m  7 |[39m }))[33m;[39m
    [31m[1m>[22m[39m[90m  8 |[39m jest[33m.[39mmock([32m'@/lib/utils/retry'[39m[33m,[39m () [33m=>[39m ({
     [90m    |[39m      [31m[1m^[22m[39m
     [90m  9 |[39m     withRetry[33m:[39m (fn[33m:[39m any) [33m=>[39m fn()
     [90m 10 |[39m }))[33m;[39m
     [90m 11 |[39m[0m

      [2mat createNoMappedModuleFoundError ([22mnode_modules/jest-resolve/build/resolver.js[2m:759:17)[22m
      [2mat Object.mock ([22m[0m[36msrc/server/services/__tests__/cannmenus.test.ts[39m[0m[2m:8:6)[22m

[1mTest Suites: [22m[1m[31m1 failed[39m[22m, 1 total
[1mTests:       [22m0 total
[1mSnapshots:   [22m0 total
[1mTime:[22m        2.432 s
[2mRan all test suites[22m[2m matching [22m/src\\server\\services\\__tests__\\cannmenus.test.ts/i[2m.[22m
